# JRE version: Java(TM) SE Runtime Environment (8.0_111-b14) (build 1.8.0_111-b14)
# Java VM: Java HotSpot(TM) 64-Bit Server VM (25.111-b14 mixed mode windows-amd64 compressed oops)
Heap:
 PSYoungGen      total 94208K, used 49708K [0x000000066ab00000, 0x0000000671380000, 0x00000007c0000000)
  eden space 86528K, 56% used [0x000000066ab00000,0x000000066da8b1f0,0x000000066ff80000)
  from space 7680K, 13% used [0x0000000670c00000,0x0000000670d00000,0x0000000671380000)
  to   space 10240K, 0% used [0x000000066ff80000,0x000000066ff80000,0x0000000670980000)
 ParOldGen       total 175104K, used 137709K [0x00000003c0000000, 0x00000003cab00000, 0x000000066ab00000)
  object space 175104K, 78% used [0x00000003c0000000,0x00000003c867b6a8,0x00000003cab00000)
 Metaspace       used 11113K, capacity 11512K, committed 11648K, reserved 1058816K
  class space    used 1229K, capacity 1314K, committed 1408K, reserved 1048576K
GC Heap History (10 events):
Event: 31.725 GC heap before
{Heap before GC invocations=12 (full 0):
 PSYoungGen      total 100352K, used 100096K [0x000000066ab00000, 0x0000000672480000, 0x00000007c0000000)
  eden space 98816K, 100% used [0x000000066ab00000,0x0000000670b80000,0x0000000670b80000)
  from space 1536K, 83% used [0x0000000670e80000,0x0000000670fc0000,0x0000000671000000)
  to   space 12800K, 0% used [0x0000000671800000,0x0000000671800000,0x0000000672480000)
 ParOldGen       total 175104K, used 136962K [0x00000003c0000000, 0x00000003cab00000, 0x000000066ab00000)
  object space 175104K, 78% used [0x00000003c0000000,0x00000003c85c0ba8,0x00000003cab00000)
 Metaspace       used 11069K, capacity 11442K, committed 11648K, reserved 1058816K
  class space    used 1223K, capacity 1313K, committed 1408K, reserved 1048576K
Event: 31.731 GC heap after
Heap after GC invocations=12 (full 0):
 PSYoungGen      total 105472K, used 1312K [0x000000066ab00000, 0x0000000672100000, 0x00000007c0000000)
  eden space 96256K, 0% used [0x000000066ab00000,0x000000066ab00000,0x0000000670900000)
  from space 9216K, 14% used [0x0000000671800000,0x0000000671948000,0x0000000672100000)
  to   space 12288K, 0% used [0x0000000670900000,0x0000000670900000,0x0000000671500000)
 ParOldGen       total 175104K, used 137098K [0x00000003c0000000, 0x00000003cab00000, 0x000000066ab00000)
  object space 175104K, 78% used [0x00000003c0000000,0x00000003c85e2ba8,0x00000003cab00000)
 Metaspace       used 11069K, capacity 11442K, committed 11648K, reserved 1058816K
  class space    used 1223K, capacity 1313K, committed 1408K, reserved 1048576K
}
Event: 34.697 GC heap before
{Heap before GC invocations=13 (full 0):
 PSYoungGen      total 105472K, used 97568K [0x000000066ab00000, 0x0000000672100000, 0x00000007c0000000)
  eden space 96256K, 100% used [0x000000066ab00000,0x0000000670900000,0x0000000670900000)
  from space 9216K, 14% used [0x0000000671800000,0x0000000671948000,0x0000000672100000)
  to   space 12288K, 0% used [0x0000000670900000,0x0000000670900000,0x0000000671500000)
 ParOldGen       total 175104K, used 137098K [0x00000003c0000000, 0x00000003cab00000, 0x000000066ab00000)
  object space 175104K, 78% used [0x00000003c0000000,0x00000003c85e2ba8,0x00000003cab00000)
 Metaspace       used 11069K, capacity 11442K, committed 11648K, reserved 1058816K
  class space    used 1223K, capacity 1313K, committed 1408K, reserved 1048576K
Event: 34.703 GC heap after
Heap after GC invocations=13 (full 0):
 PSYoungGen      total 95232K, used 1152K [0x000000066ab00000, 0x0000000671d80000, 0x00000007c0000000)
  eden space 93696K, 0% used [0x000000066ab00000,0x000000066ab00000,0x0000000670680000)
  from space 1536K, 75% used [0x0000000670900000,0x0000000670a20000,0x0000000670a80000)
  to   space 11776K, 0% used [0x0000000671200000,0x0000000671200000,0x0000000671d80000)
 ParOldGen       total 175104K, used 137293K [0x00000003c0000000, 0x00000003cab00000, 0x000000066ab00000)
  object space 175104K, 78% used [0x00000003c0000000,0x00000003c86136a8,0x00000003cab00000)
 Metaspace       used 11069K, capacity 11442K, committed 11648K, reserved 1058816K
  class space    used 1223K, capacity 1313K, committed 1408K, reserved 1048576K
}
Event: 37.687 GC heap before
{Heap before GC invocations=14 (full 0):
 PSYoungGen      total 95232K, used 94848K [0x000000066ab00000, 0x0000000671d80000, 0x00000007c0000000)
  eden space 93696K, 100% used [0x000000066ab00000,0x0000000670680000,0x0000000670680000)
  from space 1536K, 75% used [0x0000000670900000,0x0000000670a20000,0x0000000670a80000)
  to   space 11776K, 0% used [0x0000000671200000,0x0000000671200000,0x0000000671d80000)
 ParOldGen       total 175104K, used 137293K [0x00000003c0000000, 0x00000003cab00000, 0x000000066ab00000)
  object space 175104K, 78% used [0x00000003c0000000,0x00000003c86136a8,0x00000003cab00000)
 Metaspace       used 11070K, capacity 11442K, committed 11648K, reserved 1058816K
  class space    used 1223K, capacity 1313K, committed 1408K, reserved 1048576K
Event: 37.693 GC heap after
Heap after GC invocations=14 (full 0):
 PSYoungGen      total 99328K, used 1056K [0x000000066ab00000, 0x0000000671a00000, 0x00000007c0000000)
  eden space 91136K, 0% used [0x000000066ab00000,0x000000066ab00000,0x0000000670400000)
  from space 8192K, 12% used [0x0000000671200000,0x0000000671308000,0x0000000671a00000)
  to   space 11264K, 0% used [0x0000000670400000,0x0000000670400000,0x0000000670f00000)
 ParOldGen       total 175104K, used 137429K [0x00000003c0000000, 0x00000003cab00000, 0x000000066ab00000)
  object space 175104K, 78% used [0x00000003c0000000,0x00000003c86356a8,0x00000003cab00000)
 Metaspace       used 11070K, capacity 11442K, committed 11648K, reserved 1058816K
  class space    used 1223K, capacity 1313K, committed 1408K, reserved 1048576K
}
Event: 40.635 GC heap before
{Heap before GC invocations=15 (full 0):
 PSYoungGen      total 99328K, used 92192K [0x000000066ab00000, 0x0000000671a00000, 0x00000007c0000000)
  eden space 91136K, 100% used [0x000000066ab00000,0x0000000670400000,0x0000000670400000)
  from space 8192K, 12% used [0x0000000671200000,0x0000000671308000,0x0000000671a00000)
  to   space 11264K, 0% used [0x0000000670400000,0x0000000670400000,0x0000000670f00000)
 ParOldGen       total 175104K, used 137429K [0x00000003c0000000, 0x00000003cab00000, 0x000000066ab00000)
  object space 175104K, 78% used [0x00000003c0000000,0x00000003c86356a8,0x00000003cab00000)
 Metaspace       used 11070K, capacity 11442K, committed 11648K, reserved 1058816K
  class space    used 1223K, capacity 1313K, committed 1408K, reserved 1048576K
Event: 40.642 GC heap after
Heap after GC invocations=15 (full 0):
 PSYoungGen      total 90112K, used 1088K [0x000000066ab00000, 0x0000000671680000, 0x00000007c0000000)
  eden space 88576K, 0% used [0x000000066ab00000,0x000000066ab00000,0x0000000670180000)
  from space 1536K, 70% used [0x0000000670400000,0x0000000670510000,0x0000000670580000)
  to   space 10752K, 0% used [0x0000000670c00000,0x0000000670c00000,0x0000000671680000)
 ParOldGen       total 175104K, used 137565K [0x00000003c0000000, 0x00000003cab00000, 0x000000066ab00000)
  object space 175104K, 78% used [0x00000003c0000000,0x00000003c86576a8,0x00000003cab00000)
 Metaspace       used 11070K, capacity 11442K, committed 11648K, reserved 1058816K
  class space    used 1223K, capacity 1313K, committed 1408K, reserved 1048576K
}
Event: 43.479 GC heap before
{Heap before GC invocations=16 (full 0):
 PSYoungGen      total 90112K, used 89664K [0x000000066ab00000, 0x0000000671680000, 0x00000007c0000000)
  eden space 88576K, 100% used [0x000000066ab00000,0x0000000670180000,0x0000000670180000)
  from space 1536K, 70% used [0x0000000670400000,0x0000000670510000,0x0000000670580000)
  to   space 10752K, 0% used [0x0000000670c00000,0x0000000670c00000,0x0000000671680000)
 ParOldGen       total 175104K, used 137565K [0x00000003c0000000, 0x00000003cab00000, 0x000000066ab00000)
  object space 175104K, 78% used [0x00000003c0000000,0x00000003c86576a8,0x00000003cab00000)
 Metaspace       used 11070K, capacity 11442K, committed 11648K, reserved 1058816K
  class space    used 1223K, capacity 1313K, committed 1408K, reserved 1048576K
Event: 43.485 GC heap after
Heap after GC invocations=16 (full 0):
 PSYoungGen      total 94208K, used 1024K [0x000000066ab00000, 0x0000000671380000, 0x00000007c0000000)
  eden space 86528K, 0% used [0x000000066ab00000,0x000000066ab00000,0x000000066ff80000)
  from space 7680K, 13% used [0x0000000670c00000,0x0000000670d00000,0x0000000671380000)
  to   space 10240K, 0% used [0x000000066ff80000,0x000000066ff80000,0x0000000670980000)
 ParOldGen       total 175104K, used 137709K [0x00000003c0000000, 0x00000003cab00000, 0x000000066ab00000)
  object space 175104K, 78% used [0x00000003c0000000,0x00000003c867b6a8,0x00000003cab00000)
 Metaspace       used 11070K, capacity 11442K, committed 11648K, reserved 1058816K
  class space    used 1223K, capacity 1313K, committed 1408K, reserved 1048576K
}

