# JRE version: Java(TM) SE Runtime Environment (8.0_111-b14) (build 1.8.0_111-b14)
# Java VM: Java HotSpot(TM) 64-Bit Server VM (25.111-b14 mixed mode windows-amd64 compressed oops)
Heap:
 PSYoungGen      total 80896K, used 10935K [0x000000066ab00000, 0x0000000670000000, 0x00000007c0000000)
  eden space 74752K, 12% used [0x000000066ab00000,0x000000066b3f5e60,0x000000066f400000)
  from space 6144K, 28% used [0x000000066f400000,0x000000066f5b8000,0x000000066fa00000)
  to   space 5632K, 0% used [0x000000066fa80000,0x000000066fa80000,0x0000000670000000)
 ParOldGen       total 175104K, used 17085K [0x00000003c0000000, 0x00000003cab00000, 0x000000066ab00000)
  object space 175104K, 9% used [0x00000003c0000000,0x00000003c10af4d8,0x00000003cab00000)
 Metaspace       used 14696K, capacity 15180K, committed 15360K, reserved 1062912K
  class space    used 1615K, capacity 1714K, committed 1792K, reserved 1048576K
GC Heap History (10 events):
Event: 41.629 GC heap before
{Heap before GC invocations=22 (full 1):
 PSYoungGen      total 79872K, used 73920K [0x000000066ab00000, 0x0000000670000000, 0x00000007c0000000)
  eden space 72192K, 100% used [0x000000066ab00000,0x000000066f180000,0x000000066f180000)
  from space 7680K, 22% used [0x000000066f880000,0x000000066fa30000,0x0000000670000000)
  to   space 7168K, 0% used [0x000000066f180000,0x000000066f180000,0x000000066f880000)
 ParOldGen       total 175104K, used 16437K [0x00000003c0000000, 0x00000003cab00000, 0x000000066ab00000)
  object space 175104K, 9% used [0x00000003c0000000,0x00000003c100d4d8,0x00000003cab00000)
 Metaspace       used 14662K, capacity 15110K, committed 15360K, reserved 1062912K
  class space    used 1614K, capacity 1713K, committed 1792K, reserved 1048576K
Event: 41.632 GC heap after
Heap after GC invocations=22 (full 1):
 PSYoungGen      total 79360K, used 1728K [0x000000066ab00000, 0x0000000670000000, 0x00000007c0000000)
  eden space 72192K, 0% used [0x000000066ab00000,0x000000066ab00000,0x000000066f180000)
  from space 7168K, 24% used [0x000000066f180000,0x000000066f330000,0x000000066f880000)
  to   space 7168K, 0% used [0x000000066f900000,0x000000066f900000,0x0000000670000000)
 ParOldGen       total 175104K, used 16565K [0x00000003c0000000, 0x00000003cab00000, 0x000000066ab00000)
  object space 175104K, 9% used [0x00000003c0000000,0x00000003c102d4d8,0x00000003cab00000)
 Metaspace       used 14662K, capacity 15110K, committed 15360K, reserved 1062912K
  class space    used 1614K, capacity 1713K, committed 1792K, reserved 1048576K
}
Event: 44.020 GC heap before
{Heap before GC invocations=23 (full 1):
 PSYoungGen      total 79360K, used 73920K [0x000000066ab00000, 0x0000000670000000, 0x00000007c0000000)
  eden space 72192K, 100% used [0x000000066ab00000,0x000000066f180000,0x000000066f180000)
  from space 7168K, 24% used [0x000000066f180000,0x000000066f330000,0x000000066f880000)
  to   space 7168K, 0% used [0x000000066f900000,0x000000066f900000,0x0000000670000000)
 ParOldGen       total 175104K, used 16565K [0x00000003c0000000, 0x00000003cab00000, 0x000000066ab00000)
  object space 175104K, 9% used [0x00000003c0000000,0x00000003c102d4d8,0x00000003cab00000)
 Metaspace       used 14663K, capacity 15110K, committed 15360K, reserved 1062912K
  class space    used 1614K, capacity 1713K, committed 1792K, reserved 1048576K
Event: 44.023 GC heap after
Heap after GC invocations=23 (full 1):
 PSYoungGen      total 80384K, used 1792K [0x000000066ab00000, 0x0000000670000000, 0x00000007c0000000)
  eden space 73216K, 0% used [0x000000066ab00000,0x000000066ab00000,0x000000066f280000)
  from space 7168K, 25% used [0x000000066f900000,0x000000066fac0000,0x0000000670000000)
  to   space 6656K, 0% used [0x000000066f280000,0x000000066f280000,0x000000066f900000)
 ParOldGen       total 175104K, used 16693K [0x00000003c0000000, 0x00000003cab00000, 0x000000066ab00000)
  object space 175104K, 9% used [0x00000003c0000000,0x00000003c104d4d8,0x00000003cab00000)
 Metaspace       used 14663K, capacity 15110K, committed 15360K, reserved 1062912K
  class space    used 1614K, capacity 1713K, committed 1792K, reserved 1048576K
}
Event: 46.452 GC heap before
{Heap before GC invocations=24 (full 1):
 PSYoungGen      total 80384K, used 75008K [0x000000066ab00000, 0x0000000670000000, 0x00000007c0000000)
  eden space 73216K, 100% used [0x000000066ab00000,0x000000066f280000,0x000000066f280000)
  from space 7168K, 25% used [0x000000066f900000,0x000000066fac0000,0x0000000670000000)
  to   space 6656K, 0% used [0x000000066f280000,0x000000066f280000,0x000000066f900000)
 ParOldGen       total 175104K, used 16693K [0x00000003c0000000, 0x00000003cab00000, 0x000000066ab00000)
  object space 175104K, 9% used [0x00000003c0000000,0x00000003c104d4d8,0x00000003cab00000)
 Metaspace       used 14663K, capacity 15110K, committed 15360K, reserved 1062912K
  class space    used 1614K, capacity 1713K, committed 1792K, reserved 1048576K
Event: 46.456 GC heap after
Heap after GC invocations=24 (full 1):
 PSYoungGen      total 79872K, used 1760K [0x000000066ab00000, 0x0000000670000000, 0x00000007c0000000)
  eden space 73216K, 0% used [0x000000066ab00000,0x000000066ab00000,0x000000066f280000)
  from space 6656K, 26% used [0x000000066f280000,0x000000066f438000,0x000000066f900000)
  to   space 6144K, 0% used [0x000000066fa00000,0x000000066fa00000,0x0000000670000000)
 ParOldGen       total 175104K, used 16805K [0x00000003c0000000, 0x00000003cab00000, 0x000000066ab00000)
  object space 175104K, 9% used [0x00000003c0000000,0x00000003c10694d8,0x00000003cab00000)
 Metaspace       used 14663K, capacity 15110K, committed 15360K, reserved 1062912K
  class space    used 1614K, capacity 1713K, committed 1792K, reserved 1048576K
}
Event: 48.928 GC heap before
{Heap before GC invocations=25 (full 1):
 PSYoungGen      total 79872K, used 74976K [0x000000066ab00000, 0x0000000670000000, 0x00000007c0000000)
  eden space 73216K, 100% used [0x000000066ab00000,0x000000066f280000,0x000000066f280000)
  from space 6656K, 26% used [0x000000066f280000,0x000000066f438000,0x000000066f900000)
  to   space 6144K, 0% used [0x000000066fa00000,0x000000066fa00000,0x0000000670000000)
 ParOldGen       total 175104K, used 16805K [0x00000003c0000000, 0x00000003cab00000, 0x000000066ab00000)
  object space 175104K, 9% used [0x00000003c0000000,0x00000003c10694d8,0x00000003cab00000)
 Metaspace       used 14663K, capacity 15110K, committed 15360K, reserved 1062912K
  class space    used 1614K, capacity 1713K, committed 1792K, reserved 1048576K
Event: 48.932 GC heap after
Heap after GC invocations=25 (full 1):
 PSYoungGen      total 80896K, used 1728K [0x000000066ab00000, 0x0000000670000000, 0x00000007c0000000)
  eden space 74752K, 0% used [0x000000066ab00000,0x000000066ab00000,0x000000066f400000)
  from space 6144K, 28% used [0x000000066fa00000,0x000000066fbb0000,0x0000000670000000)
  to   space 6144K, 0% used [0x000000066f400000,0x000000066f400000,0x000000066fa00000)
 ParOldGen       total 175104K, used 16941K [0x00000003c0000000, 0x00000003cab00000, 0x000000066ab00000)
  object space 175104K, 9% used [0x00000003c0000000,0x00000003c108b4d8,0x00000003cab00000)
 Metaspace       used 14663K, capacity 15110K, committed 15360K, reserved 1062912K
  class space    used 1614K, capacity 1713K, committed 1792K, reserved 1048576K
}
Event: 51.490 GC heap before
{Heap before GC invocations=26 (full 1):
 PSYoungGen      total 80896K, used 76480K [0x000000066ab00000, 0x0000000670000000, 0x00000007c0000000)
  eden space 74752K, 100% used [0x000000066ab00000,0x000000066f400000,0x000000066f400000)
  from space 6144K, 28% used [0x000000066fa00000,0x000000066fbb0000,0x0000000670000000)
  to   space 6144K, 0% used [0x000000066f400000,0x000000066f400000,0x000000066fa00000)
 ParOldGen       total 175104K, used 16941K [0x00000003c0000000, 0x00000003cab00000, 0x000000066ab00000)
  object space 175104K, 9% used [0x00000003c0000000,0x00000003c108b4d8,0x00000003cab00000)
 Metaspace       used 14663K, capacity 15110K, committed 15360K, reserved 1062912K
  class space    used 1614K, capacity 1713K, committed 1792K, reserved 1048576K
Event: 51.493 GC heap after
Heap after GC invocations=26 (full 1):
 PSYoungGen      total 80896K, used 1760K [0x000000066ab00000, 0x0000000670000000, 0x00000007c0000000)
  eden space 74752K, 0% used [0x000000066ab00000,0x000000066ab00000,0x000000066f400000)
  from space 6144K, 28% used [0x000000066f400000,0x000000066f5b8000,0x000000066fa00000)
  to   space 5632K, 0% used [0x000000066fa80000,0x000000066fa80000,0x0000000670000000)
 ParOldGen       total 175104K, used 17085K [0x00000003c0000000, 0x00000003cab00000, 0x000000066ab00000)
  object space 175104K, 9% used [0x00000003c0000000,0x00000003c10af4d8,0x00000003cab00000)
 Metaspace       used 14663K, capacity 15110K, committed 15360K, reserved 1062912K
  class space    used 1614K, capacity 1713K, committed 1792K, reserved 1048576K
}

